mktextfm GillSans
mktextfm GillSans
mktextfm GillSans
mktextfm GillSans/BI
mktextfm GillSans
mktextfm GillSans/B
mktextfm GillSans
mktextfm GillSans/I
mktextfm GillSans
mktextfm GillSans
mktextfm GillSans
mktextfm GillSans
mktextfm GillSans
mktextfm GillSans
mktextfm GillSans
mktextfm GillSans
mktextfm GillSans
mktextfm GillSans
mktextfm GillSans
mktextfm GillSans
mktextfm GillSans
mktextfm GillSans/BI
mktextfm GillSans
mktextfm GillSans/B
mktextfm GillSans
mktextfm GillSans/I
mktextfm GillSans
mktextfm GillSans
mktextfm GillSans
mktextfm GillSans
mktextfm GillSans
mktextfm GillSans
mktextfm GillSans
mktextfm augie
mktextfm augie
mktextfm augie
mktextfm augie/BI
mktextfm augie
mktextfm augie/B
mktextfm augie
mktextfm augie/I
mktextfm augie
mktextfm augie
mktextfm augie
mktextfm augie
mktextfm augie
mktextfm augie
mktextfm augie
mktextfm GillSans
mktextfm Helvetica
mktextfm Helvetica
mktextfm Helvetica
mktextfm Helvetica/BI
mktextfm Helvetica
mktextfm Helvetica/B
mktextfm Helvetica
mktextfm Helvetica/I
mktextfm Helvetica
mktextfm Helvetica
mktextfm Helvetica
mktextfm Helvetica
mktextfm Helvetica
mktextfm Helvetica
mktextfm Helvetica
mktextfm Helvetica
mktextfm Helvetica
mktextfm Helvetica
mktextfm Helvetica
mktextfm Helvetica
mktextfm Helvetica
mktextfm Helvetica/BI
mktextfm Helvetica
mktextfm Helvetica/B
mktextfm Helvetica
mktextfm Helvetica/I
mktextfm Helvetica
mktextfm Helvetica
mktextfm Helvetica
mktextfm Helvetica
mktextfm Helvetica
mktextfm Helvetica
mktextfm Helvetica
mktextfm augie
mktextfm augie
mktextfm augie
mktextfm augie/BI
mktextfm augie
mktextfm augie/B
mktextfm augie
mktextfm augie/I
mktextfm augie
mktextfm augie
mktextfm augie
mktextfm augie
mktextfm augie
mktextfm augie
mktextfm augie
mktextfm Helvetica
mktextfm augie
mktextfm augie
mktextfm augie
mktextfm augie/BI
mktextfm augie
mktextfm augie/B
mktextfm augie
mktextfm augie/I
mktextfm augie
mktextfm augie
mktextfm augie
mktextfm augie
mktextfm augie
mktextfm augie
mktextfm augie
